<?xml version="1.0" encoding="UTF-8"?>
<testsuite name="uzhnu.edu.bai.dialog.ChatTest" tests="2" skipped="0" failures="0" errors="0" timestamp="2020-04-28T19:29:42" hostname="WRO0023.local" time="0.018">
  <properties/>
  <testcase name="allows to combine multiple rules" classname="uzhnu.edu.bai.dialog.ChatTest" time="0.017"/>
  <testcase name="buying paper by phone" classname="uzhnu.edu.bai.dialog.ChatTest" time="0.001"/>
  <system-out><![CDATA[]]></system-out>
  <system-err><![CDATA[]]></system-err>
</testsuite>
