<?xml version="1.0" encoding="UTF-8"?>
<testsuite name="uzhnu.edu.toie.huffman.WeightTableTest" tests="5" skipped="0" failures="0" errors="0" timestamp="2020-04-28T19:30:05" hostname="WRO0023.local" time="0.006">
  <properties/>
  <testcase name="create binary dictionary for simple case" classname="uzhnu.edu.toie.huffman.WeightTableTest" time="0.004"/>
  <testcase name="create binary dictionary for complex case" classname="uzhnu.edu.toie.huffman.WeightTableTest" time="0.001"/>
  <testcase name="should build priority queue based on weights" classname="uzhnu.edu.toie.huffman.WeightTableTest" time="0.0"/>
  <testcase name="should build a tree 18 -&gt; (E, 15), (S, 3)" classname="uzhnu.edu.toie.huffman.WeightTableTest" time="0.001"/>
  <testcase name="should build a complex balanced tree" classname="uzhnu.edu.toie.huffman.WeightTableTest" time="0.0"/>
  <system-out><![CDATA[]]></system-out>
  <system-err><![CDATA[]]></system-err>
</testsuite>
